<?xml version="1.0" encoding="UTF-8"?>
<testsuite xmlns:xsi="http://www.w3.org/2001/XMLSchema-instance" xsi:noNamespaceSchemaLocation="https://maven.apache.org/surefire/maven-surefire-plugin/xsd/surefire-test-report-3.0.xsd" version="3.0" name="com.revature.tests.StudentTest" time="0.083" tests="6" errors="0" skipped="0" failures="0">
  <properties>
[...]
</properties>
  <testcase name="testWhenInstantiateStudentThenAssignUniqueGlobalId" classname="com.revature.tests.StudentTest" time="0.004">
    <system-out><![CDATA[Setting Up the test suite
Setting up before each test
John Doe 4
Tearing down after every test

]]></system-out>
  </testcase>
  <testcase name="testStudentObjectEquality" classname="com.revature.tests.StudentTest" time="0.001">
    <system-out><![CDATA[Setting up before each test
John Doe 4
John Doe 4
Student [firstName=John, lastName=Doe, gradeYear=4, studentId=41001, courses=[], tuitionBalance=0.0]
Student [firstName=John, lastName=Doe, gradeYear=4, studentId=41002, courses=[], tuitionBalance=0.0]
Tearing down after every test

]]></system-out>
  </testcase>
  <testcase name="testBadGradeYearExceptionIsThrown" classname="com.revature.tests.StudentTest" time="0.001">
    <system-out><![CDATA[Setting up before each test
Tearing down after every test

]]></system-out>
  </testcase>
  <testcase name="testSetStudentIdCreatesUniqueId" classname="com.revature.tests.StudentTest" time="0.001">
    <system-out><![CDATA[Setting up before each test
John Doe 4
John Doe 4
Tearing down after every test

]]></system-out>
  </testcase>
  <testcase name="testThisIsWorking" classname="com.revature.tests.StudentTest" time="0.001">
    <system-out><![CDATA[Setting up before each test
The sum is 5
Tearing down after every test

]]></system-out>
  </testcase>
  <testcase name="testStudentObjectEqualityNegative" classname="com.revature.tests.StudentTest" time="0.002">
    <system-out><![CDATA[Setting up before each test
John Doe 4
John Doe 4
Student [firstName=John, lastName=Doe, gradeYear=4, studentId=41001, courses=[], tuitionBalance=0.0]
Student [firstName=John, lastName=Doe, gradeYear=4, studentId=41002, courses=[], tuitionBalance=0.0]
Tearing down after every test

]]></system-out>
  </testcase>
</testsuite>