<?xml version="1.0" encoding="UTF-8"?>
<testsuite xmlns:xsi="http://www.w3.org/2001/XMLSchema-instance" xsi:noNamespaceSchemaLocation="https://maven.apache.org/surefire/maven-surefire-plugin/xsd/surefire-test-report-3.0.xsd" version="3.0" name="com.revature.UserServiceTests" time="2.498" tests="4" errors="0" skipped="0" failures="0">
  <properties>
[...]
</properties>
  <testcase name="testInsertedUserReturnedNegativeOne" classname="com.revature.UserServiceTests" time="2.447">
    <system-out><![CDATA[Registering user....
]]></system-out>
  </testcase>
  <testcase name="testRegisterUserReturnsNewPKId" classname="com.revature.UserServiceTests" time="0.003">
    <system-out><![CDATA[Registering user....
Successfully registered user with the Id of 73
]]></system-out>
  </testcase>
  <testcase name="testLoginReturnsUser" classname="com.revature.UserServiceTests" time="0.007">
    <system-out><![CDATA[Successfully Logged in!
Reached the inside of the if statement
]]></system-out>
  </testcase>
  <testcase name="testRegisterUserWithNonZeroId" classname="com.revature.UserServiceTests" time="0">
    <system-out><![CDATA[Registering user....
]]></system-out>
  </testcase>
</testsuite>